<?xml version="1.0" encoding="UTF-8"?>
<!-- Generated by org.testng.reporters.JUnitXMLReporter -->
<testsuite ignored="0" hostname="Lenovo-PC" failures="2" tests="2" name="Test" time="36.464" errors="0" timestamp="04 Mar 2019 02:58:50 GMT">
  <testcase classname="com.test.pack1.LandingPageTest" name="verifyTextPresent" time="0.138">
    <failure type="java.lang.AssertionError" message="expected [FEATURE COURSES] but found [FEATURED COURSES]">
      <![CDATA[java.lang.AssertionError: expected [FEATURE COURSES] but found [FEATURED COURSES]
at com.test.pack1.LandingPageTest.verifyTextPresent(LandingPageTest.java:28)
... Removed 31 stack frames]]>
    </failure>
  </testcase> <!-- verifyTextPresent -->
  <testcase classname="com.test.pack1.LandingPageTest" name="verifyTextPresent" time="0.173">
    <failure type="java.lang.NullPointerException">
      <![CDATA[java.lang.NullPointerException
at com.test.Listeners.ProjectListener.onTestFailure(ProjectListener.java:38)
... Removed 22 stack frames]]>
    </failure>
  </testcase> <!-- verifyTextPresent -->
</testsuite> <!-- Test -->
