<?xml version="1.0" encoding="UTF-8"?>
<!-- Generated by org.testng.reporters.JUnitXMLReporter -->
<testsuite ignored="0" hostname="Lenovo-PC" failures="0" tests="7" name="Command line test" time="59.016" errors="0" timestamp="03 Mar 2019 22:48:30 GMT">
  <testcase classname="com.test.pack1.LandingPageTest" name="verifyTextPresent" time="0.242"/>
  <testcase classname="com.test.pack1.LoginPageTest" name="clickOnLogin" time="6.684"/>
  <testcase classname="com.test.pack1.LoginPageTest" name="loginToApplication" time="3.32"/>
  <testcase classname="com.test.pack1.LoginPageTest" name="loginToApplication" time="3.535"/>
  <testcase classname="com.test.pack1.LoginPageTest" name="loginToApplication" time="3.531"/>
  <testcase classname="com.test.pack1.LoginPageTest" name="loginToApplication" time="2.833"/>
  <testcase classname="com.test.pack1.LoginPageTest" name="loginToApplication" time="3.552"/>
</testsuite> <!-- Command line test -->
