<?xml version="1.0" encoding="UTF-8"?>
<!-- Generated by org.testng.reporters.JUnitXMLReporter -->
<testsuite ignored="0" hostname="Lenovo-PC" failures="1" tests="1" name="Test" time="37.651" errors="0" timestamp="04 Mar 2019 11:07:30 GMT">
  <testcase classname="com.test.pack1.LandingPageTest" name="verifyTextPresent" time="0.156">
    <failure type="java.lang.AssertionError" message="expected [FEATURE COURSES] but found [FEATURED COURSES]">
      <![CDATA[java.lang.AssertionError: expected [FEATURE COURSES] but found [FEATURED COURSES]
at com.test.pack1.LandingPageTest.verifyTextPresent(LandingPageTest.java:28)
... Removed 35 stack frames]]>
    </failure>
  </testcase> <!-- verifyTextPresent -->
</testsuite> <!-- Test -->
